<?xml version="1.0" encoding="UTF-8"?>
<robot generator="Robot 6.1.1 (Python 3.12.1 on win32)" generated="20240104 21:24:12.288" rpa="false" schemaversion="4">
<suite id="s1" name="Form" source="D:\Programação\robot-framework\tests\form.robot">
<test id="s1-t1" name="cenario 1: Preencher formulario" line="24">
<kw name="abrir navegador e acessar site">
<kw name="Open Browser" library="SeleniumLibrary">
<arg>https://demo.testfire.net/login.jsp</arg>
<arg>chrome</arg>
<doc>Opens a new browser instance to the optional ``url``.</doc>
<msg timestamp="20240104 21:24:12.437" level="INFO">Opening browser 'chrome' to base url 'https://demo.testfire.net/login.jsp'.</msg>
<status status="PASS" starttime="20240104 21:24:12.437" endtime="20240104 21:24:15.442"/>
</kw>
<status status="PASS" starttime="20240104 21:24:12.437" endtime="20240104 21:24:15.442"/>
</kw>
<kw name="preencher campos">
<kw name="Input Text" library="SeleniumLibrary">
<arg>${input_user}</arg>
<arg>Andre</arg>
<doc>Types the given ``text`` into the text field identified by ``locator``.</doc>
<msg timestamp="20240104 21:24:15.444" level="INFO">Typing text 'Andre' into text field 'id:uid'.</msg>
<status status="PASS" starttime="20240104 21:24:15.444" endtime="20240104 21:24:15.507"/>
</kw>
<kw name="Input Text" library="SeleniumLibrary">
<arg>${input_password}</arg>
<arg>Junior</arg>
<doc>Types the given ``text`` into the text field identified by ``locator``.</doc>
<msg timestamp="20240104 21:24:15.508" level="INFO">Typing text 'Junior' into text field 'id:passw'.</msg>
<status status="PASS" starttime="20240104 21:24:15.507" endtime="20240104 21:24:15.561"/>
</kw>
<status status="PASS" starttime="20240104 21:24:15.442" endtime="20240104 21:24:15.561"/>
</kw>
<kw name="clicar em button">
<kw name="Click Element" library="SeleniumLibrary">
<arg>${button_submit}</arg>
<doc>Click the element identified by ``locator``.</doc>
<msg timestamp="20240104 21:24:15.562" level="INFO">Clicking element 'name:btnSubmit'.</msg>
<status status="PASS" starttime="20240104 21:24:15.562" endtime="20240104 21:24:16.020"/>
</kw>
<status status="PASS" starttime="20240104 21:24:15.562" endtime="20240104 21:24:16.020"/>
</kw>
<kw name="fechar navegador">
<kw name="Close Browser" library="SeleniumLibrary">
<doc>Closes the current browser.</doc>
<status status="PASS" starttime="20240104 21:24:16.021" endtime="20240104 21:24:18.152"/>
</kw>
<status status="PASS" starttime="20240104 21:24:16.020" endtime="20240104 21:24:18.152"/>
</kw>
<status status="PASS" starttime="20240104 21:24:12.436" endtime="20240104 21:24:18.153"/>
</test>
<status status="PASS" starttime="20240104 21:24:12.290" endtime="20240104 21:24:18.153"/>
</suite>
<statistics>
<total>
<stat pass="1" fail="0" skip="0">All Tests</stat>
</total>
<tag>
</tag>
<suite>
<stat pass="1" fail="0" skip="0" id="s1" name="Form">Form</stat>
</suite>
</statistics>
<errors>
</errors>
</robot>
