<?xml version="1.0" encoding="UTF-8"?>
<robot generator="Robot 6.1.1 (Python 3.12.1 on win32)" generated="20231220 22:47:05.071" rpa="false" schemaversion="4">
<suite id="s1" name="Modelo" source="D:\Programação\robot-framework\tests\modelo.robot">
<test id="s1-t1" name="Cenario 1: Acessando o site do robotframework" line="19">
<kw name="Abrir Site do robotframework">
<kw name="Open Browser" library="SeleniumLibrary">
<arg>https://robotframework.org</arg>
<arg>chrome</arg>
<doc>Opens a new browser instance to the optional ``url``.</doc>
<msg timestamp="20231220 22:47:05.218" level="INFO">Opening browser 'chrome' to base url 'https://robotframework.org'.</msg>
<status status="PASS" starttime="20231220 22:47:05.217" endtime="20231220 22:47:08.940"/>
</kw>
<status status="PASS" starttime="20231220 22:47:05.217" endtime="20231220 22:47:08.940"/>
</kw>
<kw name="Fechar navegador">
<kw name="Close Browser" library="SeleniumLibrary">
<doc>Closes the current browser.</doc>
<status status="PASS" starttime="20231220 22:47:08.941" endtime="20231220 22:47:11.092"/>
</kw>
<status status="PASS" starttime="20231220 22:47:08.941" endtime="20231220 22:47:11.092"/>
</kw>
<status status="PASS" starttime="20231220 22:47:05.217" endtime="20231220 22:47:11.093"/>
</test>
<test id="s1-t2" name="Cenario 1: Acessando o site do google" line="23">
<kw name="Abrir site do google">
<kw name="Open Browser" library="SeleniumLibrary">
<arg>https://www.google.com/</arg>
<arg>chrome</arg>
<doc>Opens a new browser instance to the optional ``url``.</doc>
<msg timestamp="20231220 22:47:11.095" level="INFO">Opening browser 'chrome' to base url 'https://www.google.com/'.</msg>
<status status="PASS" starttime="20231220 22:47:11.095" endtime="20231220 22:47:14.231"/>
</kw>
<status status="PASS" starttime="20231220 22:47:11.094" endtime="20231220 22:47:14.231"/>
</kw>
<kw name="Fechar navegador">
<kw name="Close Browser" library="SeleniumLibrary">
<doc>Closes the current browser.</doc>
<status status="PASS" starttime="20231220 22:47:14.232" endtime="20231220 22:47:16.313"/>
</kw>
<status status="PASS" starttime="20231220 22:47:14.232" endtime="20231220 22:47:16.313"/>
</kw>
<status status="PASS" starttime="20231220 22:47:11.094" endtime="20231220 22:47:16.314"/>
</test>
<status status="PASS" starttime="20231220 22:47:05.072" endtime="20231220 22:47:16.315"/>
</suite>
<statistics>
<total>
<stat pass="2" fail="0" skip="0">All Tests</stat>
</total>
<tag>
</tag>
<suite>
<stat pass="2" fail="0" skip="0" id="s1" name="Modelo">Modelo</stat>
</suite>
</statistics>
<errors>
</errors>
</robot>
